<?xml version="1.0" encoding="UTF-8"?>
<testsuite xmlns:xsi="http://www.w3.org/2001/XMLSchema-instance" xsi:noNamespaceSchemaLocation="https://maven.apache.org/surefire/maven-surefire-plugin/xsd/surefire-test-report-3.0.xsd" version="3.0" name="com.example.demo.DemoApplicationTests" time="2.87" tests="1" errors="0" skipped="0" failures="0">
  <properties>
[...]
</properties>
  <testcase name="contextLoads" classname="com.example.demo.DemoApplicationTests" time="0.352">
    <system-out><![CDATA[12:37:03.894 [main] INFO org.springframework.test.context.support.AnnotationConfigContextLoaderUtils -- Could not detect default configuration classes for test class [com.example.demo.DemoApplicationTests]: DemoApplicationTests does not declare any static, non-private, non-final, nested classes annotated with @Configuration.
12:37:03.941 [main] INFO org.springframework.boot.test.context.SpringBootTestContextBootstrapper -- Found @SpringBootConfiguration com.example.demo.DemoApplication for test class com.example.demo.DemoApplicationTests
  .   ____          _            __ _ _
 /\\ / ___'_ __ _ _(_)_ __  __ _ \ \ \ \
( ( )\___ | '_ | '_| | '_ \/ _` | \ \ \ \
 \\/  ___)| |_)| | | | | || (_| |  ) ) ) )
  '  |____| .__|_| |_|_| |_\__, | / / / /
 =========|_|==============|___/=/_/_/_/

 :: Spring Boot ::       (v3.3.0-SNAPSHOT)

2024-05-26T12:37:04.104+03:00  INFO 8691 --- [demo] [           main] com.example.demo.DemoApplicationTests    : Starting DemoApplicationTests using Java 21 with PID 8691 (started by bahadirakdemir in /Users/bahadirakdemir/Downloads/Modern-API-w-Maven/Chapter04)
2024-05-26T12:37:04.105+03:00  INFO 8691 --- [demo] [           main] com.example.demo.DemoApplicationTests    : No active profile set, falling back to 1 default profile: "default"
2024-05-26T12:37:04.418+03:00  INFO 8691 --- [demo] [           main] .s.d.r.c.RepositoryConfigurationDelegate : Bootstrapping Spring Data JPA repositories in DEFAULT mode.
2024-05-26T12:37:04.457+03:00  INFO 8691 --- [demo] [           main] .s.d.r.c.RepositoryConfigurationDelegate : Finished Spring Data repository scanning in 35 ms. Found 12 JPA repository interfaces.
2024-05-26T12:37:04.837+03:00  INFO 8691 --- [demo] [           main] org.flywaydb.core.FlywayExecutor         : Database: jdbc:h2:mem:ecomm (H2 2.2)
2024-05-26T12:37:04.843+03:00  WARN 8691 --- [demo] [           main] o.f.c.internal.database.base.Database    : Flyway upgrade recommended: H2 2.2.224 is newer than this version of Flyway and support has not been tested. The latest supported version of H2 is 2.2.220.
2024-05-26T12:37:04.850+03:00  INFO 8691 --- [demo] [           main] o.f.core.internal.database.base.Schema   : Creating schema "ecomm" ...
2024-05-26T12:37:04.851+03:00  INFO 8691 --- [demo] [           main] o.f.c.i.s.JdbcTableSchemaHistory         : Creating Schema History table "ecomm"."flyway_schema_history" ...
2024-05-26T12:37:04.872+03:00  INFO 8691 --- [demo] [           main] o.f.core.internal.command.DbMigrate      : Current version of schema "ecomm": null
2024-05-26T12:37:04.873+03:00  INFO 8691 --- [demo] [           main] o.f.core.internal.command.DbMigrate      : Schema "ecomm" is up to date. No migration necessary.
2024-05-26T12:37:04.919+03:00  INFO 8691 --- [demo] [           main] o.hibernate.jpa.internal.util.LogHelper  : HHH000204: Processing PersistenceUnitInfo [name: default]
2024-05-26T12:37:04.946+03:00  INFO 8691 --- [demo] [           main] org.hibernate.Version                    : HHH000412: Hibernate ORM core version 6.5.2.Final
2024-05-26T12:37:04.960+03:00  INFO 8691 --- [demo] [           main] o.h.c.internal.RegionFactoryInitiator    : HHH000026: Second-level cache disabled
2024-05-26T12:37:05.090+03:00  INFO 8691 --- [demo] [           main] o.s.o.j.p.SpringPersistenceUnitInfo      : No LoadTimeWeaver setup: ignoring JPA class transformer
2024-05-26T12:37:05.102+03:00  INFO 8691 --- [demo] [           main] com.zaxxer.hikari.HikariDataSource       : ecomm - Starting...
2024-05-26T12:37:05.107+03:00  INFO 8691 --- [demo] [           main] com.zaxxer.hikari.pool.HikariPool        : ecomm - Added connection conn2: url=jdbc:h2:mem:ecomm user=SA
2024-05-26T12:37:05.108+03:00  INFO 8691 --- [demo] [           main] com.zaxxer.hikari.HikariDataSource       : ecomm - Start completed.
2024-05-26T12:37:05.121+03:00  WARN 8691 --- [demo] [           main] org.hibernate.orm.deprecation            : HHH90000025: H2Dialect does not need to be specified explicitly using 'hibernate.dialect' (remove the property setting and it will be selected by default)
2024-05-26T12:37:05.630+03:00  INFO 8691 --- [demo] [           main] o.h.e.t.j.p.i.JtaPlatformInitiator       : HHH000489: No JTA platform available (set 'hibernate.transaction.jta.platform' to enable JTA platform integration)
2024-05-26T12:37:05.631+03:00  INFO 8691 --- [demo] [           main] j.LocalContainerEntityManagerFactoryBean : Initialized JPA EntityManagerFactory for persistence unit 'default'
2024-05-26T12:37:05.766+03:00  INFO 8691 --- [demo] [           main] o.s.d.j.r.query.QueryEnhancerFactory     : Hibernate is in classpath; If applicable, HQL parser will be used.
2024-05-26T12:37:06.105+03:00  WARN 8691 --- [demo] [           main] JpaBaseConfiguration$JpaWebConfiguration : spring.jpa.open-in-view is enabled by default. Therefore, database queries may be performed during view rendering. Explicitly configure spring.jpa.open-in-view to disable this warning
2024-05-26T12:37:06.299+03:00  INFO 8691 --- [demo] [           main] o.s.b.a.h2.H2ConsoleAutoConfiguration    : H2 console available at '/h2-console'. Database available at 'jdbc:h2:mem:ecomm'
2024-05-26T12:37:06.325+03:00  INFO 8691 --- [demo] [           main] com.example.demo.DemoApplicationTests    : Started DemoApplicationTests in 2.329 seconds (process running for 2.747)
]]></system-out>
    <system-err><![CDATA[WARNING: A Java agent has been loaded dynamically (/Users/bahadirakdemir/.m2/repository/net/bytebuddy/byte-buddy-agent/1.14.16/byte-buddy-agent-1.14.16.jar)
WARNING: If a serviceability tool is in use, please run with -XX:+EnableDynamicAgentLoading to hide this warning
WARNING: If a serviceability tool is not in use, please run with -Djdk.instrument.traceUsage for more information
WARNING: Dynamic loading of agents will be disallowed by default in a future release
]]></system-err>
  </testcase>
</testsuite>